# JRE version: OpenJDK Runtime Environment Temurin-11.0.19+7 (11.0.19+7) (build 11.0.19+7)
# Java VM: OpenJDK 64-Bit Server VM Temurin-11.0.19+7 (11.0.19+7, mixed mode, tiered, compressed oops, g1 gc, windows-amd64)
Heap:
 garbage-first heap   total 131072K, used 95829K [0x00000000e0000000, 0x0000000100000000)
  region size 1024K, 29 young (29696K), 1 survivors (1024K)
 Metaspace       used 52426K, capacity 54008K, committed 54320K, reserved 1097728K
  class space    used 5801K, capacity 6402K, committed 6528K, reserved 1048576K
GC Heap History (20 events):
Event: 16.433 GC heap before
{Heap before GC invocations=12 (full 0):
 garbage-first heap   total 131072K, used 93644K [0x00000000e0000000, 0x0000000100000000)
  region size 1024K, 52 young (53248K), 1 survivors (1024K)
 Metaspace       used 36424K, capacity 37536K, committed 37680K, reserved 1083392K
  class space    used 3997K, capacity 4412K, committed 4480K, reserved 1048576K
}
Event: 16.445 GC heap after
{Heap after GC invocations=13 (full 0):
 garbage-first heap   total 131072K, used 44493K [0x00000000e0000000, 0x0000000100000000)
  region size 1024K, 4 young (4096K), 4 survivors (4096K)
 Metaspace       used 36424K, capacity 37536K, committed 37680K, reserved 1083392K
  class space    used 3997K, capacity 4412K, committed 4480K, reserved 1048576K
}
Event: 18.949 GC heap before
{Heap before GC invocations=13 (full 0):
 garbage-first heap   total 131072K, used 96717K [0x00000000e0000000, 0x0000000100000000)
  region size 1024K, 55 young (56320K), 4 survivors (4096K)
 Metaspace       used 38892K, capacity 40095K, committed 40368K, reserved 1085440K
  class space    used 4306K, capacity 4779K, committed 4864K, reserved 1048576K
}
Event: 18.966 GC heap after
{Heap after GC invocations=14 (full 0):
 garbage-first heap   total 131072K, used 48599K [0x00000000e0000000, 0x0000000100000000)
  region size 1024K, 4 young (4096K), 4 survivors (4096K)
 Metaspace       used 38892K, capacity 40095K, committed 40368K, reserved 1085440K
  class space    used 4306K, capacity 4779K, committed 4864K, reserved 1048576K
}
Event: 22.098 GC heap before
{Heap before GC invocations=14 (full 0):
 garbage-first heap   total 131072K, used 104919K [0x00000000e0000000, 0x0000000100000000)
  region size 1024K, 54 young (55296K), 4 survivors (4096K)
 Metaspace       used 40942K, capacity 42151K, committed 42416K, reserved 1087488K
  class space    used 4615K, capacity 5102K, committed 5120K, reserved 1048576K
}
Event: 22.111 GC heap after
{Heap after GC invocations=15 (full 0):
 garbage-first heap   total 131072K, used 57186K [0x00000000e0000000, 0x0000000100000000)
  region size 1024K, 4 young (4096K), 4 survivors (4096K)
 Metaspace       used 40942K, capacity 42151K, committed 42416K, reserved 1087488K
  class space    used 4615K, capacity 5102K, committed 5120K, reserved 1048576K
}
Event: 24.616 GC heap before
{Heap before GC invocations=15 (full 0):
 garbage-first heap   total 131072K, used 103266K [0x00000000e0000000, 0x0000000100000000)
  region size 1024K, 49 young (50176K), 4 survivors (4096K)
 Metaspace       used 42950K, capacity 44252K, committed 44592K, reserved 1089536K
  class space    used 4872K, capacity 5418K, committed 5504K, reserved 1048576K
}
Event: 24.629 GC heap after
{Heap after GC invocations=16 (full 0):
 garbage-first heap   total 131072K, used 60046K [0x00000000e0000000, 0x0000000100000000)
  region size 1024K, 7 young (7168K), 7 survivors (7168K)
 Metaspace       used 42950K, capacity 44252K, committed 44592K, reserved 1089536K
  class space    used 4872K, capacity 5418K, committed 5504K, reserved 1048576K
}
Event: 28.047 GC heap before
{Heap before GC invocations=16 (full 0):
 garbage-first heap   total 131072K, used 104078K [0x00000000e0000000, 0x0000000100000000)
  region size 1024K, 50 young (51200K), 7 survivors (7168K)
 Metaspace       used 44349K, capacity 45703K, committed 46000K, reserved 1089536K
  class space    used 5028K, capacity 5557K, committed 5632K, reserved 1048576K
}
Event: 28.062 GC heap after
{Heap after GC invocations=17 (full 0):
 garbage-first heap   total 131072K, used 62706K [0x00000000e0000000, 0x0000000100000000)
  region size 1024K, 6 young (6144K), 6 survivors (6144K)
 Metaspace       used 44349K, capacity 45703K, committed 46000K, reserved 1089536K
  class space    used 5028K, capacity 5557K, committed 5632K, reserved 1048576K
}
Event: 29.590 GC heap before
{Heap before GC invocations=17 (full 0):
 garbage-first heap   total 131072K, used 105714K [0x00000000e0000000, 0x0000000100000000)
  region size 1024K, 49 young (50176K), 6 survivors (6144K)
 Metaspace       used 46592K, capacity 48036K, committed 48304K, reserved 1091584K
  class space    used 5243K, capacity 5812K, committed 5888K, reserved 1048576K
}
Event: 29.608 GC heap after
{Heap after GC invocations=18 (full 0):
 garbage-first heap   total 131072K, used 66018K [0x00000000e0000000, 0x0000000100000000)
  region size 1024K, 6 young (6144K), 6 survivors (6144K)
 Metaspace       used 46592K, capacity 48036K, committed 48304K, reserved 1091584K
  class space    used 5243K, capacity 5812K, committed 5888K, reserved 1048576K
}
Event: 30.912 GC heap before
{Heap before GC invocations=18 (full 0):
 garbage-first heap   total 131072K, used 106978K [0x00000000e0000000, 0x0000000100000000)
  region size 1024K, 46 young (47104K), 6 survivors (6144K)
 Metaspace       used 49993K, capacity 51494K, committed 51760K, reserved 1095680K
  class space    used 5674K, capacity 6259K, committed 6272K, reserved 1048576K
}
Event: 30.928 GC heap after
{Heap after GC invocations=19 (full 0):
 garbage-first heap   total 131072K, used 69026K [0x00000000e0000000, 0x0000000100000000)
  region size 1024K, 4 young (4096K), 4 survivors (4096K)
 Metaspace       used 49993K, capacity 51494K, committed 51760K, reserved 1095680K
  class space    used 5674K, capacity 6259K, committed 6272K, reserved 1048576K
}
Event: 36.642 GC heap before
{Heap before GC invocations=20 (full 0):
 garbage-first heap   total 131072K, used 106914K [0x00000000e0000000, 0x0000000100000000)
  region size 1024K, 41 young (41984K), 4 survivors (4096K)
 Metaspace       used 51001K, capacity 52524K, committed 52656K, reserved 1095680K
  class space    used 5738K, capacity 6320K, committed 6400K, reserved 1048576K
}
Event: 36.651 GC heap after
{Heap after GC invocations=21 (full 0):
 garbage-first heap   total 131072K, used 69406K [0x00000000e0000000, 0x0000000100000000)
  region size 1024K, 4 young (4096K), 4 survivors (4096K)
 Metaspace       used 51001K, capacity 52524K, committed 52656K, reserved 1095680K
  class space    used 5738K, capacity 6320K, committed 6400K, reserved 1048576K
}
Event: 45.145 GC heap before
{Heap before GC invocations=21 (full 0):
 garbage-first heap   total 131072K, used 108318K [0x00000000e0000000, 0x0000000100000000)
  region size 1024K, 42 young (43008K), 4 survivors (4096K)
 Metaspace       used 51651K, capacity 53143K, committed 53424K, reserved 1095680K
  class space    used 5747K, capacity 6327K, committed 6400K, reserved 1048576K
}
Event: 45.152 GC heap after
{Heap after GC invocations=22 (full 0):
 garbage-first heap   total 131072K, used 69467K [0x00000000e0000000, 0x0000000100000000)
  region size 1024K, 1 young (1024K), 1 survivors (1024K)
 Metaspace       used 51651K, capacity 53143K, committed 53424K, reserved 1095680K
  class space    used 5747K, capacity 6327K, committed 6400K, reserved 1048576K
}
Event: 55.860 GC heap before
{Heap before GC invocations=23 (full 0):
 garbage-first heap   total 131072K, used 110427K [0x00000000e0000000, 0x0000000100000000)
  region size 1024K, 41 young (41984K), 1 survivors (1024K)
 Metaspace       used 51888K, capacity 53347K, committed 53424K, reserved 1095680K
  class space    used 5748K, capacity 6328K, committed 6400K, reserved 1048576K
}
Event: 55.864 GC heap after
{Heap after GC invocations=24 (full 0):
 garbage-first heap   total 131072K, used 69205K [0x00000000e0000000, 0x0000000100000000)
  region size 1024K, 1 young (1024K), 1 survivors (1024K)
 Metaspace       used 51888K, capacity 53347K, committed 53424K, reserved 1095680K
  class space    used 5748K, capacity 6328K, committed 6400K, reserved 1048576K
}

