# JRE version: OpenJDK Runtime Environment Temurin-11.0.19+7 (11.0.19+7) (build 11.0.19+7)
# Java VM: OpenJDK 64-Bit Server VM Temurin-11.0.19+7 (11.0.19+7, mixed mode, tiered, compressed oops, g1 gc, windows-amd64)
Heap:
 garbage-first heap   total 131072K, used 64244K [0x00000000e0000000, 0x0000000100000000)
  region size 1024K, 12 young (12288K), 5 survivors (5120K)
 Metaspace       used 41645K, capacity 42893K, committed 43056K, reserved 1087488K
  class space    used 4696K, capacity 5200K, committed 5248K, reserved 1048576K
GC Heap History (20 events):
Event: 5.227 GC heap before
{Heap before GC invocations=2 (full 0):
 garbage-first heap   total 131072K, used 37696K [0x00000000e0000000, 0x0000000100000000)
  region size 1024K, 33 young (33792K), 10 survivors (10240K)
 Metaspace       used 20125K, capacity 20470K, committed 20608K, reserved 1067008K
  class space    used 1982K, capacity 2112K, committed 2176K, reserved 1048576K
}
Event: 5.249 GC heap after
{Heap after GC invocations=3 (full 0):
 garbage-first heap   total 131072K, used 18458K [0x00000000e0000000, 0x0000000100000000)
  region size 1024K, 5 young (5120K), 5 survivors (5120K)
 Metaspace       used 20125K, capacity 20470K, committed 20608K, reserved 1067008K
  class space    used 1982K, capacity 2112K, committed 2176K, reserved 1048576K
}
Event: 5.629 GC heap before
{Heap before GC invocations=3 (full 0):
 garbage-first heap   total 131072K, used 33818K [0x00000000e0000000, 0x0000000100000000)
  region size 1024K, 21 young (21504K), 5 survivors (5120K)
 Metaspace       used 20821K, capacity 21175K, committed 21296K, reserved 1069056K
  class space    used 2045K, capacity 2176K, committed 2176K, reserved 1048576K
}
Event: 5.639 GC heap after
{Heap after GC invocations=4 (full 0):
 garbage-first heap   total 131072K, used 20218K [0x00000000e0000000, 0x0000000100000000)
  region size 1024K, 2 young (2048K), 2 survivors (2048K)
 Metaspace       used 20821K, capacity 21175K, committed 21296K, reserved 1069056K
  class space    used 2045K, capacity 2176K, committed 2176K, reserved 1048576K
}
Event: 7.012 GC heap before
{Heap before GC invocations=5 (full 0):
 garbage-first heap   total 131072K, used 73466K [0x00000000e0000000, 0x0000000100000000)
  region size 1024K, 54 young (55296K), 2 survivors (2048K)
 Metaspace       used 22809K, capacity 23194K, committed 23344K, reserved 1071104K
  class space    used 2267K, capacity 2402K, committed 2432K, reserved 1048576K
}
Event: 7.023 GC heap after
{Heap after GC invocations=6 (full 0):
 garbage-first heap   total 131072K, used 22758K [0x00000000e0000000, 0x0000000100000000)
  region size 1024K, 4 young (4096K), 4 survivors (4096K)
 Metaspace       used 22809K, capacity 23194K, committed 23344K, reserved 1071104K
  class space    used 2267K, capacity 2402K, committed 2432K, reserved 1048576K
}
Event: 9.058 GC heap before
{Heap before GC invocations=6 (full 0):
 garbage-first heap   total 131072K, used 80102K [0x00000000e0000000, 0x0000000100000000)
  region size 1024K, 60 young (61440K), 4 survivors (4096K)
 Metaspace       used 26640K, capacity 27427K, committed 27568K, reserved 1073152K
  class space    used 2779K, capacity 3060K, committed 3072K, reserved 1048576K
}
Event: 9.075 GC heap after
{Heap after GC invocations=7 (full 0):
 garbage-first heap   total 131072K, used 26915K [0x00000000e0000000, 0x0000000100000000)
  region size 1024K, 8 young (8192K), 8 survivors (8192K)
 Metaspace       used 26640K, capacity 27427K, committed 27568K, reserved 1073152K
  class space    used 2779K, capacity 3060K, committed 3072K, reserved 1048576K
}
Event: 12.181 GC heap before
{Heap before GC invocations=7 (full 0):
 garbage-first heap   total 131072K, used 84259K [0x00000000e0000000, 0x0000000100000000)
  region size 1024K, 64 young (65536K), 8 survivors (8192K)
 Metaspace       used 29701K, capacity 30745K, committed 31024K, reserved 1077248K
  class space    used 3201K, capacity 3602K, committed 3712K, reserved 1048576K
}
Event: 12.204 GC heap after
{Heap after GC invocations=8 (full 0):
 garbage-first heap   total 131072K, used 32592K [0x00000000e0000000, 0x0000000100000000)
  region size 1024K, 6 young (6144K), 6 survivors (6144K)
 Metaspace       used 29701K, capacity 30745K, committed 31024K, reserved 1077248K
  class space    used 3201K, capacity 3602K, committed 3712K, reserved 1048576K
}
Event: 13.039 GC heap before
{Heap before GC invocations=8 (full 0):
 garbage-first heap   total 131072K, used 88912K [0x00000000e0000000, 0x0000000100000000)
  region size 1024K, 61 young (62464K), 6 survivors (6144K)
 Metaspace       used 31617K, capacity 32651K, committed 32688K, reserved 1079296K
  class space    used 3445K, capacity 3832K, committed 3840K, reserved 1048576K
}
Event: 13.061 GC heap after
{Heap after GC invocations=9 (full 0):
 garbage-first heap   total 131072K, used 38050K [0x00000000e0000000, 0x0000000100000000)
  region size 1024K, 6 young (6144K), 6 survivors (6144K)
 Metaspace       used 31617K, capacity 32651K, committed 32688K, reserved 1079296K
  class space    used 3445K, capacity 3832K, committed 3840K, reserved 1048576K
}
Event: 13.710 GC heap before
{Heap before GC invocations=9 (full 0):
 garbage-first heap   total 131072K, used 58530K [0x00000000e0000000, 0x0000000100000000)
  region size 1024K, 27 young (27648K), 6 survivors (6144K)
 Metaspace       used 34544K, capacity 35543K, committed 35632K, reserved 1081344K
  class space    used 3744K, capacity 4175K, committed 4224K, reserved 1048576K
}
Event: 13.727 GC heap after
{Heap after GC invocations=10 (full 0):
 garbage-first heap   total 131072K, used 40742K [0x00000000e0000000, 0x0000000100000000)
  region size 1024K, 3 young (3072K), 3 survivors (3072K)
 Metaspace       used 34544K, capacity 35543K, committed 35632K, reserved 1081344K
  class space    used 3744K, capacity 4175K, committed 4224K, reserved 1048576K
}
Event: 14.989 GC heap before
{Heap before GC invocations=11 (full 0):
 garbage-first heap   total 131072K, used 97062K [0x00000000e0000000, 0x0000000100000000)
  region size 1024K, 58 young (59392K), 3 survivors (3072K)
 Metaspace       used 37065K, capacity 38171K, committed 38320K, reserved 1083392K
  class space    used 4074K, capacity 4496K, committed 4608K, reserved 1048576K
}
Event: 15.003 GC heap after
{Heap after GC invocations=12 (full 0):
 garbage-first heap   total 131072K, used 44849K [0x00000000e0000000, 0x0000000100000000)
  region size 1024K, 7 young (7168K), 7 survivors (7168K)
 Metaspace       used 37065K, capacity 38171K, committed 38320K, reserved 1083392K
  class space    used 4074K, capacity 4496K, committed 4608K, reserved 1048576K
}
Event: 16.825 GC heap before
{Heap before GC invocations=12 (full 0):
 garbage-first heap   total 131072K, used 99121K [0x00000000e0000000, 0x0000000100000000)
  region size 1024K, 60 young (61440K), 7 survivors (7168K)
 Metaspace       used 39241K, capacity 40414K, committed 40624K, reserved 1085440K
  class space    used 4370K, capacity 4843K, committed 4864K, reserved 1048576K
}
Event: 16.844 GC heap after
{Heap after GC invocations=13 (full 0):
 garbage-first heap   total 131072K, used 48799K [0x00000000e0000000, 0x0000000100000000)
  region size 1024K, 4 young (4096K), 4 survivors (4096K)
 Metaspace       used 39241K, capacity 40414K, committed 40624K, reserved 1085440K
  class space    used 4370K, capacity 4843K, committed 4864K, reserved 1048576K
}
Event: 20.725 GC heap before
{Heap before GC invocations=13 (full 0):
 garbage-first heap   total 131072K, used 107167K [0x00000000e0000000, 0x0000000100000000)
  region size 1024K, 56 young (57344K), 4 survivors (4096K)
 Metaspace       used 41298K, capacity 42529K, committed 42800K, reserved 1087488K
  class space    used 4656K, capacity 5143K, committed 5248K, reserved 1048576K
}
Event: 20.739 GC heap after
{Heap after GC invocations=14 (full 0):
 garbage-first heap   total 131072K, used 58100K [0x00000000e0000000, 0x0000000100000000)
  region size 1024K, 5 young (5120K), 5 survivors (5120K)
 Metaspace       used 41298K, capacity 42529K, committed 42800K, reserved 1087488K
  class space    used 4656K, capacity 5143K, committed 5248K, reserved 1048576K
}

