# JRE version: OpenJDK Runtime Environment Corretto-11.0.18.10.1 (11.0.18+10) (build 11.0.18+10-LTS)
# Java VM: OpenJDK 64-Bit Server VM Corretto-11.0.18.10.1 (11.0.18+10-LTS, mixed mode, tiered, compressed oops, g1 gc, windows-amd64)
Heap:
 garbage-first heap   total 131072K, used 81476K [0x00000000e0000000, 0x0000000100000000)
  region size 1024K, 31 young (31744K), 4 survivors (4096K)
 Metaspace       used 40034K, capacity 41214K, committed 41264K, reserved 1085440K
  class space    used 4492K, capacity 4962K, committed 4992K, reserved 1048576K
GC Heap History (20 events):
Event: 5.432 GC heap before
{Heap before GC invocations=1 (full 0):
 garbage-first heap   total 131072K, used 81342K [0x00000000e0000000, 0x0000000100000000)
  region size 1024K, 76 young (77824K), 2 survivors (2048K)
 Metaspace       used 19501K, capacity 19930K, committed 20096K, reserved 1067008K
  class space    used 1947K, capacity 2081K, committed 2176K, reserved 1048576K
}
Event: 5.489 GC heap after
{Heap after GC invocations=2 (full 0):
 garbage-first heap   total 131072K, used 14461K [0x00000000e0000000, 0x0000000100000000)
  region size 1024K, 10 young (10240K), 10 survivors (10240K)
 Metaspace       used 19501K, capacity 19930K, committed 20096K, reserved 1067008K
  class space    used 1947K, capacity 2081K, committed 2176K, reserved 1048576K
}
Event: 5.839 GC heap before
{Heap before GC invocations=2 (full 0):
 garbage-first heap   total 131072K, used 24701K [0x00000000e0000000, 0x0000000100000000)
  region size 1024K, 20 young (20480K), 10 survivors (10240K)
 Metaspace       used 19725K, capacity 20122K, committed 20352K, reserved 1067008K
  class space    used 1959K, capacity 2081K, committed 2176K, reserved 1048576K
}
Event: 5.866 GC heap after
{Heap after GC invocations=3 (full 0):
 garbage-first heap   total 131072K, used 16922K [0x00000000e0000000, 0x0000000100000000)
  region size 1024K, 3 young (3072K), 3 survivors (3072K)
 Metaspace       used 19725K, capacity 20122K, committed 20352K, reserved 1067008K
  class space    used 1959K, capacity 2081K, committed 2176K, reserved 1048576K
}
Event: 6.573 GC heap before
{Heap before GC invocations=3 (full 0):
 garbage-first heap   total 131072K, used 43546K [0x00000000e0000000, 0x0000000100000000)
  region size 1024K, 30 young (30720K), 3 survivors (3072K)
 Metaspace       used 20729K, capacity 21146K, committed 21296K, reserved 1069056K
  class space    used 2037K, capacity 2145K, committed 2176K, reserved 1048576K
}
Event: 6.585 GC heap after
{Heap after GC invocations=4 (full 0):
 garbage-first heap   total 131072K, used 20544K [0x00000000e0000000, 0x0000000100000000)
  region size 1024K, 4 young (4096K), 4 survivors (4096K)
 Metaspace       used 20729K, capacity 21146K, committed 21296K, reserved 1069056K
  class space    used 2037K, capacity 2145K, committed 2176K, reserved 1048576K
}
Event: 7.885 GC heap before
{Heap before GC invocations=5 (full 0):
 garbage-first heap   total 131072K, used 64576K [0x00000000e0000000, 0x0000000100000000)
  region size 1024K, 47 young (48128K), 4 survivors (4096K)
 Metaspace       used 22458K, capacity 22877K, committed 23088K, reserved 1071104K
  class space    used 2219K, capacity 2338K, committed 2432K, reserved 1048576K
}
Event: 7.899 GC heap after
{Heap after GC invocations=6 (full 0):
 garbage-first heap   total 131072K, used 23473K [0x00000000e0000000, 0x0000000100000000)
  region size 1024K, 3 young (3072K), 3 survivors (3072K)
 Metaspace       used 22458K, capacity 22877K, committed 23088K, reserved 1071104K
  class space    used 2219K, capacity 2338K, committed 2432K, reserved 1048576K
}
Event: 9.346 GC heap before
{Heap before GC invocations=6 (full 0):
 garbage-first heap   total 131072K, used 74673K [0x00000000e0000000, 0x0000000100000000)
  region size 1024K, 53 young (54272K), 3 survivors (3072K)
 Metaspace       used 25098K, capacity 25708K, committed 25776K, reserved 1073152K
  class space    used 2577K, capacity 2802K, committed 2816K, reserved 1048576K
}
Event: 9.359 GC heap after
{Heap after GC invocations=7 (full 0):
 garbage-first heap   total 131072K, used 26682K [0x00000000e0000000, 0x0000000100000000)
  region size 1024K, 7 young (7168K), 7 survivors (7168K)
 Metaspace       used 25098K, capacity 25708K, committed 25776K, reserved 1073152K
  class space    used 2577K, capacity 2802K, committed 2816K, reserved 1048576K
}
Event: 10.932 GC heap before
{Heap before GC invocations=7 (full 0):
 garbage-first heap   total 131072K, used 79930K [0x00000000e0000000, 0x0000000100000000)
  region size 1024K, 59 young (60416K), 7 survivors (7168K)
 Metaspace       used 28391K, capacity 29377K, committed 29488K, reserved 1075200K
  class space    used 3035K, capacity 3395K, committed 3456K, reserved 1048576K
}
Event: 10.957 GC heap after
{Heap after GC invocations=8 (full 0):
 garbage-first heap   total 131072K, used 31682K [0x00000000e0000000, 0x0000000100000000)
  region size 1024K, 8 young (8192K), 8 survivors (8192K)
 Metaspace       used 28391K, capacity 29377K, committed 29488K, reserved 1075200K
  class space    used 3035K, capacity 3395K, committed 3456K, reserved 1048576K
}
Event: 14.241 GC heap before
{Heap before GC invocations=8 (full 0):
 garbage-first heap   total 131072K, used 85954K [0x00000000e0000000, 0x0000000100000000)
  region size 1024K, 61 young (62464K), 8 survivors (8192K)
 Metaspace       used 30753K, capacity 31773K, committed 31920K, reserved 1077248K
  class space    used 3344K, capacity 3754K, committed 3840K, reserved 1048576K
}
Event: 14.267 GC heap after
{Heap after GC invocations=9 (full 0):
 garbage-first heap   total 131072K, used 36151K [0x00000000e0000000, 0x0000000100000000)
  region size 1024K, 5 young (5120K), 5 survivors (5120K)
 Metaspace       used 30753K, capacity 31773K, committed 31920K, reserved 1077248K
  class space    used 3344K, capacity 3754K, committed 3840K, reserved 1048576K
}
Event: 15.527 GC heap before
{Heap before GC invocations=9 (full 0):
 garbage-first heap   total 131072K, used 83255K [0x00000000e0000000, 0x0000000100000000)
  region size 1024K, 52 young (53248K), 5 survivors (5120K)
 Metaspace       used 34573K, capacity 35599K, committed 35632K, reserved 1081344K
  class space    used 3762K, capacity 4195K, committed 4224K, reserved 1048576K
}
Event: 15.550 GC heap after
{Heap after GC invocations=10 (full 0):
 garbage-first heap   total 131072K, used 40960K [0x00000000e0000000, 0x0000000100000000)
  region size 1024K, 8 young (8192K), 8 survivors (8192K)
 Metaspace       used 34573K, capacity 35599K, committed 35632K, reserved 1081344K
  class space    used 3762K, capacity 4195K, committed 4224K, reserved 1048576K
}
Event: 16.922 GC heap before
{Heap before GC invocations=11 (full 0):
 garbage-first heap   total 131072K, used 94208K [0x00000000e0000000, 0x0000000100000000)
  region size 1024K, 60 young (61440K), 8 survivors (8192K)
 Metaspace       used 36969K, capacity 38099K, committed 38320K, reserved 1083392K
  class space    used 4079K, capacity 4516K, committed 4608K, reserved 1048576K
}
Event: 16.946 GC heap after
{Heap after GC invocations=12 (full 0):
 garbage-first heap   total 131072K, used 45895K [0x00000000e0000000, 0x0000000100000000)
  region size 1024K, 5 young (5120K), 5 survivors (5120K)
 Metaspace       used 36969K, capacity 38099K, committed 38320K, reserved 1083392K
  class space    used 4079K, capacity 4516K, committed 4608K, reserved 1048576K
}
Event: 18.760 GC heap before
{Heap before GC invocations=12 (full 0):
 garbage-first heap   total 131072K, used 96071K [0x00000000e0000000, 0x0000000100000000)
  region size 1024K, 54 young (55296K), 5 survivors (5120K)
 Metaspace       used 38923K, capacity 40118K, committed 40368K, reserved 1085440K
  class space    used 4327K, capacity 4831K, committed 4864K, reserved 1048576K
}
Event: 18.778 GC heap after
{Heap after GC invocations=13 (full 0):
 garbage-first heap   total 131072K, used 49732K [0x00000000e0000000, 0x0000000100000000)
  region size 1024K, 4 young (4096K), 4 survivors (4096K)
 Metaspace       used 38923K, capacity 40118K, committed 40368K, reserved 1085440K
  class space    used 4327K, capacity 4831K, committed 4864K, reserved 1048576K
}

